  [1m[36m (464.5ms)[0m  [1mCREATE TABLE `schema_migrations` (`version` varchar(255) NOT NULL) ENGINE=InnoDB[0m
  [1m[35m (279.0ms)[0m  CREATE UNIQUE INDEX `unique_schema_migrations` ON `schema_migrations` (`version`)
  [1m[36m (0.4ms)[0m  [1mSELECT `schema_migrations`.`version` FROM `schema_migrations` [0m
Migrating to CreateSpudAdminPermissions (20111214161011)
  [1m[35m (215.4ms)[0m  CREATE TABLE `spud_admin_permissions` (`id` int(11) DEFAULT NULL auto_increment PRIMARY KEY, `user_id` int(11), `name` varchar(255), `access` tinyint(1), `created_at` datetime NOT NULL, `updated_at` datetime NOT NULL) ENGINE=InnoDB
  [1m[36m (1.1ms)[0m  [1mINSERT INTO `schema_migrations` (`version`) VALUES ('20111214161011')[0m
Migrating to CreateSpudUsers (20111214161146)
  [1m[35m (199.2ms)[0m  CREATE TABLE `spud_users` (`id` int(11) DEFAULT NULL auto_increment PRIMARY KEY, `first_name` varchar(255), `last_name` varchar(255), `super_admin` tinyint(1), `login` varchar(255) NOT NULL, `email` varchar(255) NOT NULL, `crypted_password` varchar(255) NOT NULL, `password_salt` varchar(255) NOT NULL, `persistence_token` varchar(255) NOT NULL, `single_access_token` varchar(255) NOT NULL, `perishable_token` varchar(255) NOT NULL, `login_count` int(11) DEFAULT 0 NOT NULL, `failed_login_count` int(11) DEFAULT 0 NOT NULL, `last_request_at` datetime, `current_login_at` datetime, `last_login_at` datetime, `current_login_ip` varchar(255), `last_login_ip` varchar(255), `created_at` datetime NOT NULL, `updated_at` datetime NOT NULL) ENGINE=InnoDB
  [1m[36m (191.8ms)[0m  [1mCREATE INDEX `index_spud_users_on_login` ON `spud_users` (`login`)[0m
  [1m[35m (243.3ms)[0m  CREATE INDEX `index_spud_users_on_email` ON `spud_users` (`email`)
  [1m[36m (0.4ms)[0m  [1mINSERT INTO `schema_migrations` (`version`) VALUES ('20111214161146')[0m
Migrating to AddTimeZoneToSpudUser (20120327124229)
  [1m[35m (197.0ms)[0m  ALTER TABLE `spud_users` ADD `time_zone` varchar(255)
  [1m[36m (0.5ms)[0m  [1mINSERT INTO `schema_migrations` (`version`) VALUES ('20120327124229')[0m
Migrating to AddScopeToSpudAdminPermissions (20120328235431)
  [1m[35m (229.8ms)[0m  ALTER TABLE `spud_admin_permissions` ADD `scope` varchar(255)
  [1m[36m (0.6ms)[0m  [1mINSERT INTO `schema_migrations` (`version`) VALUES ('20120328235431')[0m
Migrating to CreateSpudUserSettings (20120329174000)
  [1m[35m (172.3ms)[0m  CREATE TABLE `spud_user_settings` (`id` int(11) DEFAULT NULL auto_increment PRIMARY KEY, `spud_user_id` int(11), `key` varchar(255), `value` varchar(255), `created_at` datetime NOT NULL, `updated_at` datetime NOT NULL) ENGINE=InnoDB
  [1m[36m (0.6ms)[0m  [1mINSERT INTO `schema_migrations` (`version`) VALUES ('20120329174000')[0m
  [1m[35m (0.2ms)[0m  SELECT `schema_migrations`.`version` FROM `schema_migrations` 
  [1m[36m (0.2ms)[0m  [1mSELECT `schema_migrations`.`version` FROM `schema_migrations` [0m
  [1m[35m (30.9ms)[0m  DROP DATABASE IF EXISTS `spud_core_test`
  [1m[36m (0.7ms)[0m  [1mCREATE DATABASE `spud_core_test` DEFAULT CHARACTER SET `utf8` COLLATE `utf8_unicode_ci`[0m
  [1m[35m (111.7ms)[0m  CREATE TABLE `spud_admin_permissions` (`id` int(11) DEFAULT NULL auto_increment PRIMARY KEY, `user_id` int(11), `name` varchar(255), `access` tinyint(1), `created_at` datetime NOT NULL, `updated_at` datetime NOT NULL, `scope` varchar(255)) ENGINE=InnoDB
  [1m[36m (291.8ms)[0m  [1mCREATE TABLE `spud_user_settings` (`id` int(11) DEFAULT NULL auto_increment PRIMARY KEY, `spud_user_id` int(11), `key` varchar(255), `value` varchar(255), `created_at` datetime NOT NULL, `updated_at` datetime NOT NULL) ENGINE=InnoDB[0m
  [1m[35m (233.5ms)[0m  CREATE TABLE `spud_users` (`id` int(11) DEFAULT NULL auto_increment PRIMARY KEY, `first_name` varchar(255), `last_name` varchar(255), `super_admin` tinyint(1), `login` varchar(255) NOT NULL, `email` varchar(255) NOT NULL, `crypted_password` varchar(255) NOT NULL, `password_salt` varchar(255) NOT NULL, `persistence_token` varchar(255) NOT NULL, `single_access_token` varchar(255) NOT NULL, `perishable_token` varchar(255) NOT NULL, `login_count` int(11) DEFAULT 0 NOT NULL, `failed_login_count` int(11) DEFAULT 0 NOT NULL, `last_request_at` datetime, `current_login_at` datetime, `last_login_at` datetime, `current_login_ip` varchar(255), `last_login_ip` varchar(255), `created_at` datetime NOT NULL, `updated_at` datetime NOT NULL, `time_zone` varchar(255)) ENGINE=InnoDB
  [1m[36m (171.6ms)[0m  [1mCREATE INDEX `index_spud_users_on_email` ON `spud_users` (`email`)[0m
  [1m[35m (253.4ms)[0m  CREATE INDEX `index_spud_users_on_login` ON `spud_users` (`login`)
  [1m[36m (195.3ms)[0m  [1mCREATE TABLE `schema_migrations` (`version` varchar(255) NOT NULL) ENGINE=InnoDB[0m
  [1m[35m (203.1ms)[0m  CREATE UNIQUE INDEX `unique_schema_migrations` ON `schema_migrations` (`version`)
  [1m[36m (0.1ms)[0m  [1mSELECT version FROM `schema_migrations`[0m
  [1m[35m (0.3ms)[0m  INSERT INTO `schema_migrations` (version) VALUES ('20120329174000')
  [1m[36m (0.3ms)[0m  [1mINSERT INTO `schema_migrations` (version) VALUES ('20111214161011')[0m
  [1m[35m (0.3ms)[0m  INSERT INTO `schema_migrations` (version) VALUES ('20111214161146')
  [1m[36m (0.3ms)[0m  [1mINSERT INTO `schema_migrations` (version) VALUES ('20120327124229')[0m
  [1m[35m (0.3ms)[0m  INSERT INTO `schema_migrations` (version) VALUES ('20120328235431')
  [1m[36m (0.3ms)[0m  [1mSELECT `schema_migrations`.`version` FROM `schema_migrations` [0m
  [1m[35m (2.6ms)[0m  DROP DATABASE IF EXISTS `spud_core_test`
  [1m[36m (0.2ms)[0m  [1mCREATE DATABASE `spud_core_test` DEFAULT CHARACTER SET `utf8` COLLATE `utf8_unicode_ci`[0m
  [1m[35m (137.8ms)[0m  CREATE TABLE `spud_admin_permissions` (`id` int(11) DEFAULT NULL auto_increment PRIMARY KEY, `user_id` int(11), `name` varchar(255), `access` tinyint(1), `created_at` datetime NOT NULL, `updated_at` datetime NOT NULL, `scope` varchar(255)) ENGINE=InnoDB
  [1m[36m (345.7ms)[0m  [1mCREATE TABLE `spud_user_settings` (`id` int(11) DEFAULT NULL auto_increment PRIMARY KEY, `spud_user_id` int(11), `key` varchar(255), `value` varchar(255), `created_at` datetime NOT NULL, `updated_at` datetime NOT NULL) ENGINE=InnoDB[0m
  [1m[35m (175.2ms)[0m  CREATE TABLE `spud_users` (`id` int(11) DEFAULT NULL auto_increment PRIMARY KEY, `first_name` varchar(255), `last_name` varchar(255), `super_admin` tinyint(1), `login` varchar(255) NOT NULL, `email` varchar(255) NOT NULL, `crypted_password` varchar(255) NOT NULL, `password_salt` varchar(255) NOT NULL, `persistence_token` varchar(255) NOT NULL, `single_access_token` varchar(255) NOT NULL, `perishable_token` varchar(255) NOT NULL, `login_count` int(11) DEFAULT 0 NOT NULL, `failed_login_count` int(11) DEFAULT 0 NOT NULL, `last_request_at` datetime, `current_login_at` datetime, `last_login_at` datetime, `current_login_ip` varchar(255), `last_login_ip` varchar(255), `created_at` datetime NOT NULL, `updated_at` datetime NOT NULL, `time_zone` varchar(255)) ENGINE=InnoDB
  [1m[36m (192.5ms)[0m  [1mCREATE INDEX `index_spud_users_on_email` ON `spud_users` (`email`)[0m
  [1m[35m (189.8ms)[0m  CREATE INDEX `index_spud_users_on_login` ON `spud_users` (`login`)
  [1m[36m (171.8ms)[0m  [1mCREATE TABLE `schema_migrations` (`version` varchar(255) NOT NULL) ENGINE=InnoDB[0m
  [1m[35m (193.0ms)[0m  CREATE UNIQUE INDEX `unique_schema_migrations` ON `schema_migrations` (`version`)
  [1m[36m (0.2ms)[0m  [1mSELECT version FROM `schema_migrations`[0m
  [1m[35m (0.4ms)[0m  INSERT INTO `schema_migrations` (version) VALUES ('20120329174000')
  [1m[36m (0.3ms)[0m  [1mINSERT INTO `schema_migrations` (version) VALUES ('20111214161011')[0m
  [1m[35m (0.3ms)[0m  INSERT INTO `schema_migrations` (version) VALUES ('20111214161146')
  [1m[36m (0.4ms)[0m  [1mINSERT INTO `schema_migrations` (version) VALUES ('20120327124229')[0m
  [1m[35m (0.3ms)[0m  INSERT INTO `schema_migrations` (version) VALUES ('20120328235431')
  [1m[36m (0.4ms)[0m  [1mSELECT `schema_migrations`.`version` FROM `schema_migrations` [0m
  [1m[35m (10.9ms)[0m  DROP DATABASE IF EXISTS `spud_core_test`
  [1m[36m (0.4ms)[0m  [1mCREATE DATABASE `spud_core_test` DEFAULT CHARACTER SET `utf8` COLLATE `utf8_unicode_ci`[0m
  [1m[35m (123.9ms)[0m  CREATE TABLE `spud_admin_permissions` (`id` int(11) DEFAULT NULL auto_increment PRIMARY KEY, `user_id` int(11), `name` varchar(255), `access` tinyint(1), `created_at` datetime NOT NULL, `updated_at` datetime NOT NULL, `scope` varchar(255)) ENGINE=InnoDB
  [1m[36m (283.1ms)[0m  [1mCREATE TABLE `spud_user_settings` (`id` int(11) DEFAULT NULL auto_increment PRIMARY KEY, `spud_user_id` int(11), `key` varchar(255), `value` varchar(255), `created_at` datetime NOT NULL, `updated_at` datetime NOT NULL) ENGINE=InnoDB[0m
  [1m[35m (165.5ms)[0m  CREATE TABLE `spud_users` (`id` int(11) DEFAULT NULL auto_increment PRIMARY KEY, `first_name` varchar(255), `last_name` varchar(255), `super_admin` tinyint(1), `login` varchar(255) NOT NULL, `email` varchar(255) NOT NULL, `crypted_password` varchar(255) NOT NULL, `password_salt` varchar(255) NOT NULL, `persistence_token` varchar(255) NOT NULL, `single_access_token` varchar(255) NOT NULL, `perishable_token` varchar(255) NOT NULL, `login_count` int(11) DEFAULT 0 NOT NULL, `failed_login_count` int(11) DEFAULT 0 NOT NULL, `last_request_at` datetime, `current_login_at` datetime, `last_login_at` datetime, `current_login_ip` varchar(255), `last_login_ip` varchar(255), `created_at` datetime NOT NULL, `updated_at` datetime NOT NULL, `time_zone` varchar(255)) ENGINE=InnoDB
  [1m[36m (192.1ms)[0m  [1mCREATE INDEX `index_spud_users_on_email` ON `spud_users` (`email`)[0m
  [1m[35m (189.5ms)[0m  CREATE INDEX `index_spud_users_on_login` ON `spud_users` (`login`)
  [1m[36m (204.8ms)[0m  [1mCREATE TABLE `schema_migrations` (`version` varchar(255) NOT NULL) ENGINE=InnoDB[0m
  [1m[35m (192.7ms)[0m  CREATE UNIQUE INDEX `unique_schema_migrations` ON `schema_migrations` (`version`)
  [1m[36m (0.2ms)[0m  [1mSELECT version FROM `schema_migrations`[0m
  [1m[35m (0.5ms)[0m  INSERT INTO `schema_migrations` (version) VALUES ('20120329174000')
  [1m[36m (0.3ms)[0m  [1mINSERT INTO `schema_migrations` (version) VALUES ('20111214161011')[0m
  [1m[35m (0.3ms)[0m  INSERT INTO `schema_migrations` (version) VALUES ('20111214161146')
  [1m[36m (0.3ms)[0m  [1mINSERT INTO `schema_migrations` (version) VALUES ('20120327124229')[0m
  [1m[35m (0.3ms)[0m  INSERT INTO `schema_migrations` (version) VALUES ('20120328235431')
